KRİTİK HATA: SQL logic error
no such table: Users

   konum: System.Data.SQLite.SQLite3.Prepare(SQLiteConnection cnn, SQLiteCommand command, String strSql, SQLiteStatement previous, UInt32 timeoutMS, String& strRemain)
   konum: System.Data.SQLite.SQLiteCommand.BuildNextCommand()
   konum: System.Data.SQLite.SQLiteDataReader.NextResult()
   konum: System.Data.SQLite.SQLiteDataReader..ctor(SQLiteCommand cmd, CommandBehavior behave)
   konum: System.Data.SQLite.SQLiteCommand.ExecuteReader(CommandBehavior behavior)
   konum: VibeMap.Forms.FrmHome.LoadUserProfile()
   konum: VibeMap.Forms.FrmHome..ctor(String username)
   konum: VibeMap.Forms.FrmLogin.OpenHomeForm(String username)
   konum: VibeMap.Forms.FrmLogin.btnLogin_Click(Object sender, EventArgs e)
   konum: System.Windows.Forms.Control.OnClick(EventArgs e)
   konum: DevExpress.XtraEditors.BaseButton.OnMouseUp(MouseEventArgs e)
   konum: System.Windows.Forms.Control.WmMouseUp(Message& m, MouseButtons button, Int32 clicks)
   konum: System.Windows.Forms.Control.WndProc(Message& m)
   konum: DevExpress.XtraEditors.XtraControl.WndProc(Message& m)
   konum: DevExpress.Utils.Controls.ControlBase.BaseWndProc(Message& m)
   konum: DevExpress.XtraEditors.BaseControl.WndProc(Message& msg)
   konum: System.Windows.Forms.NativeWindow.DebuggableCallback(IntPtr hWnd, Int32 msg, IntPtr wparam, IntPtr lparam)
   konum: System.Windows.Forms.UnsafeNativeMethods.DispatchMessageW(MSG& msg)
   konum: System.Windows.Forms.Application.ComponentManager.System.Windows.Forms.UnsafeNativeMethods.IMsoComponentManager.FPushMessageLoop(IntPtr dwComponentID, Int32 reason, Int32 pvLoopData)
   konum: System.Windows.Forms.Application.ThreadContext.RunMessageLoopInner(Int32 reason, ApplicationContext context)
   konum: System.Windows.Forms.Application.ThreadContext.RunMessageLoop(Int32 reason, ApplicationContext context)
   konum: VibeMap.Program.Main()